\BOOKMARK [1][-]{section.1}{Preamble}{}
\BOOKMARK [1][-]{section.2}{Haskell}{}
\BOOKMARK [1][-]{section.3}{A Simple Monte Carlo Model}{}
\BOOKMARK [2][-]{subsection.3.1}{The Theory}{section.3}
\BOOKMARK [2][-]{subsection.3.2}{A simple Implementation of a Monte Carlo call option pricer}{section.3}
\BOOKMARK [2][-]{subsection.3.3}{Concepts introduced}{section.3}
\BOOKMARK [2][-]{subsection.3.4}{Critiquing the approach}{section.3}
\BOOKMARK [1][-]{section.4}{Generalising Payoff and Option Data}{}
\BOOKMARK [2][-]{subsection.4.1}{Implementing a Payoff Class}{section.4}
\BOOKMARK [2][-]{subsection.4.2}{The Payoff type class}{section.4}
\BOOKMARK [2][-]{subsection.4.3}{Using the Payoff Class}{section.4}
\BOOKMARK [2][-]{subsection.4.4}{Implementing an Option Class}{section.4}
\BOOKMARK [2][-]{subsection.4.5}{The Option type class}{section.4}
\BOOKMARK [2][-]{subsection.4.6}{Using the Option Class}{section.4}
\BOOKMARK [2][-]{subsection.4.7}{Concepts introduced}{section.4}
\BOOKMARK [1][-]{section.5}{Monadic Random Number Generation}{}
\BOOKMARK [2][-]{subsection.5.1}{Parameters}{section.5}
\BOOKMARK [2][-]{subsection.5.2}{Using the Parameters Class}{section.5}
\BOOKMARK [2][-]{subsection.5.3}{Concepts introduced}{section.5}
\BOOKMARK [2][-]{subsection.5.4}{Next Steps}{section.5}
\BOOKMARK [1][-]{section.6}{Parsing an Input File}{}
\BOOKMARK [2][-]{subsection.6.1}{The Input File Format}{section.6}
\BOOKMARK [2][-]{subsection.6.2}{Applicative Parsec}{section.6}
\BOOKMARK [2][-]{subsection.6.3}{Implementing the Parser}{section.6}
\BOOKMARK [3][-]{subsubsection.6.3.1}{Defining some Data Types}{subsection.6.3}
\BOOKMARK [3][-]{subsubsection.6.3.2}{The actual Parser}{subsection.6.3}
\BOOKMARK [2][-]{subsection.6.4}{Using the Parser}{section.6}
\BOOKMARK [1][-]{section.7}{Gathering Statistics}{}
\BOOKMARK [2][-]{subsection.7.1}{The Statistics Type Class}{section.7}
\BOOKMARK [2][-]{subsection.7.2}{Convergence Table}{section.7}
\BOOKMARK [2][-]{subsection.7.3}{Concepts introduced}{section.7}
