This is pdfeTeX, Version 3.141592-1.21a-2.2 (Web2C 7.5.4) (format=pdflatex 2008.7.19)  28 SEP 2009 06:39
entering extended mode
**Main.tex
(./Main.tex
LaTeX2e <2003/12/01>
Babel <v3.8d> and hyphenation patterns for american, french, german, ngerman, b
ahasa, basque, bulgarian, catalan, croatian, czech, danish, dutch, esperanto, e
stonian, finnish, greek, icelandic, irish, italian, latin, magyar, norsk, polis
h, portuges, romanian, russian, serbian, slovak, slovene, spanish, swedish, tur
kish, ukrainian, nohyphenation, loaded.
(/sw/share/texmf-dist/tex/latex/koma-script/scrartcl.cls
Document Class: scrartcl 2004/09/16 v2.9t LaTeX2e KOMA document class
(/sw/share/texmf-dist/tex/latex/koma-script/scrlfile.sty
Package: scrlfile 2004/09/16 v2.9t LaTeX2e KOMA package

Package scrlfile, 2004/09/16 v2.9t LaTeX2e KOMA package
                  Copyright (C) Markus Kohm

) (/sw/share/texmf-dist/tex/latex/base/size11.clo
File: size11.clo 2004/02/16 v1.4f Standard LaTeX file (size option)
)
(/sw/share/texmf-dist/tex/latex/koma-script/typearea.sty
Package: typearea 2004/09/16 v2.9t LaTeX2e KOMA package

Package typearea, 2004/09/16 v2.9t LaTeX2e KOMA package
                  Copyright (C) Frank Neukam, 1992-1994
                  Copyright (C) Markus Kohm, 1994-2002

\ta@bcor=\skip41
\ta@div=\count79
\ta@hblk=\skip42
\ta@vblk=\skip43
\ta@temp=\skip44
Package typearea Info: These are the values describing the layout:
(typearea)             DIV  = 10
(typearea)             BCOR = 0.0pt
(typearea)             \paperwidth      = 597.50793pt
(typearea)              \textwidth      = 418.25555pt
(typearea)              \columnwidth    = 0.0pt
(typearea)              \columnsep      = 0.0pt
(typearea)              DIV-departure   = -6/100
(typearea)              \evensidemargin = 17.3562pt
(typearea)              \oddsidemargin  = 17.3562pt
(typearea)             \paperheight     = 845.04694pt
(typearea)              \textheight     = 595.80026pt
(typearea)              \topmargin      = -25.16531pt
(typearea)              \headheight     = 17.0pt
(typearea)              \headsep        = 20.40001pt
(typearea)              \topskip        = 11.0pt
(typearea)              \footskip       = 47.60002pt
(typearea)              \baselineskip   = 13.6pt
(typearea)              on input line 633.
)
\c@part=\count80
\c@section=\count81
\c@subsection=\count82
\c@subsubsection=\count83
\c@paragraph=\count84
\c@subparagraph=\count85
\c@figure=\count86
\c@table=\count87
\abovecaptionskip=\skip45
\belowcaptionskip=\skip46
\c@pti@nb@sid@b@x=\box26
\bibindent=\dimen102
) (/sw/share/texmf-dist/tex/generic/babel/babel.sty
Package: babel 2004/11/20 v3.8d The Babel package

(/sw/share/texmf-dist/tex/generic/babel/english.ldf
Language: english 2004/06/14 v3.3o English support from the babel system

(/sw/share/texmf-dist/tex/generic/babel/babel.def
File: babel.def 2004/11/20 v3.8d Babel common definitions
\babel@savecnt=\count88
\U@D=\dimen103
)
\l@british = a dialect from \language\l@english 
\l@UKenglish = a dialect from \language\l@english 
\l@canadian = a dialect from \language\l@american 
\l@australian = a dialect from \language\l@british 
\l@newzealand = a dialect from \language\l@british 
))
(/sw/share/texmf-dist/tex/latex/hyperref/hyperref.sty
Package: hyperref 2003/11/30 v6.74m Hypertext links for LaTeX

(/sw/share/texmf-dist/tex/latex/graphics/keyval.sty
Package: keyval 1999/03/16 v1.13 key=value parser (DPC)
\KV@toks@=\toks14
)
\@linkdim=\dimen104
\Hy@linkcounter=\count89
\Hy@pagecounter=\count90

(/sw/share/texmf-dist/tex/latex/hyperref/pd1enc.def
File: pd1enc.def 2003/11/30 v6.74m Hyperref: PDFDocEncoding definition (HO)
)
(/sw/share/texmf-dist/tex/latex/hyperref/hyperref.cfg
File: hyperref.cfg 2002/06/06 v1.2 hyperref configuration of TeXLive and teTeX
)
Package hyperref Info: Hyper figures OFF on input line 1880.
Package hyperref Info: Link nesting OFF on input line 1885.
Package hyperref Info: Hyper index ON on input line 1888.
Package hyperref Info: Plain pages ON on input line 1893.
Package hyperref Info: Backreferencing OFF on input line 1900.

Implicit mode ON; LaTeX internals redefined
Package hyperref Info: Bookmarks ON on input line 2004.
(/sw/share/texmf-dist/tex/latex/url/url.sty
\Urlmuskip=\muskip10
Package: url 2004/03/15  ver 3.1  Verb mode for urls, etc.
)
LaTeX Info: Redefining \url on input line 2143.
\Fld@menulength=\count91
\Field@Width=\dimen105
\Fld@charsize=\dimen106
\Choice@toks=\toks15
\Field@toks=\toks16
Package hyperref Info: Hyper figures OFF on input line 2618.
Package hyperref Info: Link nesting OFF on input line 2623.
Package hyperref Info: Hyper index ON on input line 2626.
Package hyperref Info: backreferencing OFF on input line 2633.
Package hyperref Info: Link coloring OFF on input line 2638.
\c@Item=\count92
\c@Hfootnote=\count93
)
*hyperref using default driver hpdftex*
(/sw/share/texmf-dist/tex/latex/hyperref/hpdftex.def
File: hpdftex.def 2003/11/30 v6.74m Hyperref driver for pdfTeX

(/sw/share/texmf-dist/tex/latex/psnfss/pifont.sty
Package: pifont 2004/09/15 PSNFSS-v9.2 Pi font support (SPQR) 
LaTeX Font Info:    Try loading font information for U+pzd on input line 63.

(/sw/share/texmf-dist/tex/latex/psnfss/upzd.fd
File: upzd.fd 2001/06/04 font definitions for U/pzd.
)
LaTeX Font Info:    Try loading font information for U+psy on input line 64.

(/sw/share/texmf-dist/tex/latex/psnfss/upsy.fd
File: upsy.fd 2001/06/04 font definitions for U/psy.
))
\Fld@listcount=\count94
\@outlinefile=\write3
)
(/sw/share/texmf-dist/tex/latex/psnfss/mathpazo.sty
Package: mathpazo 2004/09/15 PSNFSS-v9.2 Palatino w/ Pazo Math (D.Puga, WaS) 
\symupright=\mathgroup4
)
(/sw/share/texmf-dist/tex/latex/carlisle/colortbl.sty
Package: colortbl 2001/02/13 v0.1j Color table columns (DPC)

(/sw/share/texmf-dist/tex/latex/tools/array.sty
Package: array 2003/12/17 v2.4a Tabular extension package (FMi)
\col@sep=\dimen107
\extrarowheight=\dimen108
\NC@list=\toks17
\extratabsurround=\skip47
\backup@length=\skip48
)
(/sw/share/texmf-dist/tex/latex/graphics/color.sty
Package: color 1999/02/16 v1.0i Standard LaTeX Color (DPC)

(/sw/share/texmf-dist/tex/latex/graphics/color.cfg
File: color.cfg 2005/02/03 v1.3 color configuration of teTeX/TeXLive
)
Package color Info: Driver file: pdftex.def on input line 125.

(/sw/share/texmf-dist/tex/latex/graphics/pdftex.def
File: pdftex.def 2002/06/19 v0.03k graphics/color for pdftex
\Gread@gobject=\count95
))
\everycr=\toks18
\minrowclearance=\skip49
)
(/sw/share/texmf-dist/tex/latex/tools/calc.sty
Package: calc 1998/07/07 v4.1b Infix arithmetic (KKT,FJ)
\calc@Acount=\count96
\calc@Bcount=\count97
\calc@Adimen=\dimen109
\calc@Bdimen=\dimen110
\calc@Askip=\skip50
\calc@Bskip=\skip51
LaTeX Info: Redefining \setlength on input line 59.
LaTeX Info: Redefining \addtolength on input line 60.
\calc@denominator=\count98
)
(/sw/share/texmf-dist/tex/latex/paralist/paralist.sty
Package: paralist 2002/03/18 v2.3b Extended list environments (BS)
\pltopsep=\skip52
\plpartopsep=\skip53
\plitemsep=\skip54
\plparsep=\skip55
\pl@lab=\toks19
)
(/sw/share/texmf-dist/tex/latex/base/ifthen.sty
Package: ifthen 2001/05/26 v1.1c Standard LaTeX ifthen package (DPC)
)
(/sw/share/texmf-dist/tex/latex/relsize/relsize.sty
Package: relsize 2003/07/04 ver 3.1
)
(/sw/share/texmf-dist/tex/latex/tools/xspace.sty
Package: xspace 1997/10/13 v1.06 Space after command names (DPC)
)
(/sw/share/texmf-dist/tex/latex/tools/tabularx.sty
Package: tabularx 1999/01/07 v2.07 `tabularx' package (DPC)
\TX@col@width=\dimen111
\TX@old@table=\dimen112
\TX@old@col=\dimen113
\TX@target=\dimen114
\TX@delta=\dimen115
\TX@cols=\count99
\TX@ftn=\toks20
)
(/sw/share/texmf-dist/tex/latex/amsmath/amstext.sty
Package: amstext 2000/06/29 v2.01

(/sw/share/texmf-dist/tex/latex/amsmath/amsgen.sty
File: amsgen.sty 1999/11/30 v2.0
\@emptytoks=\toks21
\ex@=\dimen116
))
(/sw/share/texmf-dist/tex/latex/amsfonts/amssymb.sty
Package: amssymb 2002/01/22 v2.2d

(/sw/share/texmf-dist/tex/latex/amsfonts/amsfonts.sty
Package: amsfonts 2001/10/25 v2.2f
\symAMSa=\mathgroup5
\symAMSb=\mathgroup6
LaTeX Font Info:    Overwriting math alphabet `\mathfrak' in version `bold'
(Font)                  U/euf/m/n --> U/euf/b/n on input line 132.
))
(/sw/share/texmf-dist/tex/latex/stmaryrd/stmaryrd.sty
Package: stmaryrd 1994/03/03 St Mary's Road symbol package
\symstmry=\mathgroup7
LaTeX Font Info:    Overwriting symbol font `stmry' in version `bold'
(Font)                  U/stmry/m/n --> U/stmry/b/n on input line 89.
)
(/sw/share/texmf-local/tex/latex/polytable/polytable.sty
Package: polytable 2005/04/25 v0.8.2 `polytable' package (Andres Loeh)

(/sw/share/texmf-local/tex/latex/polytable/lazylist.sty)
\PT@colwidth=\dimen117
\PT@cols=\count100
\PT@table=\count101
\PT@toks=\toks22
\PT@in=\read1
\PT@out=\write4
)
\mathindent=\dimen118
\blanklineskip=\skip56
\lwidth=\skip57
\cwidth=\skip58
Package hyperref Info: Option `colorlinks' set `true' on input line 124.
Package hyperref Info: Option `pdfmenubar' set `true' on input line 124.
Package hyperref Info: Option `pdfcenterwindow' set `false' on input line 124.
Package hyperref Info: Option `pdffitwindow' set `false' on input line 124.
\c@pagesave=\count102
 (./Main.aux)
\openout1 = `Main.aux'.

LaTeX Font Info:    Checking defaults for OML/cmm/m/it on input line 176.
LaTeX Font Info:    ... okay on input line 176.
LaTeX Font Info:    Checking defaults for T1/cmr/m/n on input line 176.
LaTeX Font Info:    ... okay on input line 176.
LaTeX Font Info:    Checking defaults for OT1/cmr/m/n on input line 176.
LaTeX Font Info:    ... okay on input line 176.
LaTeX Font Info:    Checking defaults for OMS/cmsy/m/n on input line 176.
LaTeX Font Info:    ... okay on input line 176.
LaTeX Font Info:    Checking defaults for OMX/cmex/m/n on input line 176.
LaTeX Font Info:    ... okay on input line 176.
LaTeX Font Info:    Checking defaults for U/cmr/m/n on input line 176.
LaTeX Font Info:    ... okay on input line 176.
LaTeX Font Info:    Checking defaults for PD1/pdf/m/n on input line 176.
LaTeX Font Info:    ... okay on input line 176.
LaTeX Font Info:    Try loading font information for OT1+ppl on input line 176.


(/sw/share/texmf-dist/tex/latex/psnfss/ot1ppl.fd
File: ot1ppl.fd 2001/06/04 font definitions for OT1/ppl.
)
Package hyperref Info: Link coloring ON on input line 176.

(/sw/share/texmf-dist/tex/latex/hyperref/nameref.sty
Package: nameref 2003/12/03 v2.21 Cross-referencing by name of section
\c@section@level=\count103
)
LaTeX Info: Redefining \ref on input line 176.
LaTeX Info: Redefining \pageref on input line 176.
 (./Main.out) (./Main.out)
\openout3 = `Main.out'.

\big@size=\dimen119
(/sw/share/texmf-dist/tex/context/base/supp-pdf.tex
(/sw/share/texmf-dist/tex/context/base/supp-mis.tex
loading : Context Support Macros / Miscellaneous (2004.10.26)
\protectiondepth=\count104
\scratchcounter=\count105
\scratchtoks=\toks23
\scratchdimen=\dimen120
\scratchskip=\skip59
\scratchmuskip=\muskip11
\scratchbox=\box27
\scratchread=\read2
\scratchwrite=\write5
\zeropoint=\dimen121
\onepoint=\dimen122
\onebasepoint=\dimen123
\minusone=\count106
\thousandpoint=\dimen124
\onerealpoint=\dimen125
\emptytoks=\toks24
\nextbox=\box28
\nextdepth=\dimen126
\everyline=\toks25
\!!counta=\count107
\!!countb=\count108
\recursecounter=\count109
)
loading : Context Support Macros / PDF (2004.03.26)
\nofMPsegments=\count110
\nofMParguments=\count111
\MPscratchCnt=\count112
\MPscratchDim=\dimen127
\MPnumerator=\count113
\everyMPtoPDFconversion=\toks26
)
LaTeX Font Info:    Font shape `OT1/ppl/bx/n' in size <10.95> not available
(Font)              Font shape `OT1/ppl/b/n' tried instead on input line 178.
LaTeX Font Info:    Font shape `OT1/ppl/bx/n' in size <20.74> not available
(Font)              Font shape `OT1/ppl/b/n' tried instead on input line 178.
LaTeX Font Info:    Try loading font information for OML+zplm on input line 178
.
 (/sw/share/texmf-dist/tex/latex/psnfss/omlzplm.fd
File: omlzplm.fd 2002/09/08 Fontinst v1.914 font definitions for OML/zplm.
)
LaTeX Font Info:    Try loading font information for OMS+zplm on input line 178
.

(/sw/share/texmf-dist/tex/latex/psnfss/omszplm.fd
File: omszplm.fd 2002/09/08 Fontinst v1.914 font definitions for OMS/zplm.
)
LaTeX Font Info:    Try loading font information for OMX+zplm on input line 178
.

(/sw/share/texmf-dist/tex/latex/psnfss/omxzplm.fd
File: omxzplm.fd 2002/09/08 Fontinst v1.914 font definitions for OMX/zplm.
)
LaTeX Font Info:    Try loading font information for OT1+zplm on input line 178
.

(/sw/share/texmf-dist/tex/latex/psnfss/ot1zplm.fd
File: ot1zplm.fd 2002/09/08 Fontinst v1.914 font definitions for OT1/zplm.
)
LaTeX Font Info:    Font shape `U/msa/m/n' will be
(Font)              scaled to size 15.0049pt on input line 178.
LaTeX Font Info:    Font shape `U/msa/m/n' will be
(Font)              scaled to size 10.42007pt on input line 178.
LaTeX Font Info:    Font shape `U/msa/m/n' will be
(Font)              scaled to size 8.33606pt on input line 178.
LaTeX Font Info:    Font shape `U/msb/m/n' will be
(Font)              scaled to size 15.0049pt on input line 178.
LaTeX Font Info:    Font shape `U/msb/m/n' will be
(Font)              scaled to size 10.42007pt on input line 178.
LaTeX Font Info:    Font shape `U/msb/m/n' will be
(Font)              scaled to size 8.33606pt on input line 178.
LaTeX Font Info:    Try loading font information for U+stmry on input line 178.


(/sw/share/texmf-dist/tex/latex/stmaryrd/ustmry.fd)
LaTeX Font Info:    Font shape `OT1/ppl/bx/n' in size <14.4> not available
(Font)              Font shape `OT1/ppl/b/n' tried instead on input line 178.
 (./Main.toc
LaTeX Font Info:    Font shape `U/msa/m/n' will be
(Font)              scaled to size 11.40997pt on input line 5.
LaTeX Font Info:    Font shape `U/msa/m/n' will be
(Font)              scaled to size 6.25204pt on input line 5.
LaTeX Font Info:    Font shape `U/msb/m/n' will be
(Font)              scaled to size 11.40997pt on input line 5.
LaTeX Font Info:    Font shape `U/msb/m/n' will be
(Font)              scaled to size 6.25204pt on input line 5.
 [1


{/sw/var/lib/texmf/fonts/map/pdftex/updmap/pdftex.map}])
\tf@toc=\write6
\openout6 = `Main.toc'.

 [2]
LaTeX Font Info:    Font shape `OT1/ppl/bx/n' in size <12> not available
(Font)              Font shape `OT1/ppl/b/n' tried instead on input line 194.

Overfull \hbox (8.06645pt too wide) in paragraph at lines 195--196
\OT1/ppl/m/n/10.95 Below the com-monly known for-mu-las de-scrib-ing stock pric
e evo-lu-tion and Black-Scholes
 []

LaTeX Font Info:    Try loading font information for U+fplmbb on input line 201
.
(/sw/share/texmf-dist/tex/latex/psnfss/ufplmbb.fd
File: ufplmbb.fd 2003/10/30 Fontinst v1.914 font definitions for U/fplmbb.
) [3

]
Overfull \hbox (10.85907pt too wide) in paragraph at lines 220--221
\OT1/ppl/m/n/10.95 We need GSL to get the ran-dom num-ber gen-er-a-tors and Con
-trol.Monad for some monadic
 []

LaTeX Font Info:    Font shape `U/msa/m/n' will be
(Font)              scaled to size 7.91925pt on input line 222.
LaTeX Font Info:    Font shape `U/msb/m/n' will be
(Font)              scaled to size 7.91925pt on input line 222.
\openout4 = `Main.ptb'.

\openout4 = `Main.ptb'.

\openout4 = `Main.ptb'.

\openout4 = `Main.ptb'.

[4]
\openout4 = `Main.ptb'.

\openout4 = `Main.ptb'.

\openout4 = `Main.ptb'.


Overfull \hbox (5.5452pt too wide) in paragraph at lines 363--365
[]\OT1/ppl/m/n/10.95 Without go-ing into de-tails about mon-ads (a con-
 []

[5]
\openout4 = `Main.ptb'.

\openout4 = `Main.ptb'.

\openout4 = `Main.ptb'.

\openout4 = `Main.ptb'.

\openout4 = `Main.ptb'.

\openout4 = `Main.ptb'.

\openout4 = `Main.ptb'.

\openout4 = `Main.ptb'.

 [6] [7]
\openout4 = `Main.ptb'.

\openout4 = `Main.ptb'.

\openout4 = `Main.ptb'.

\openout4 = `Main.ptb'.

\openout4 = `Main.ptb'.

 [8]
\openout4 = `Main.ptb'.

\openout4 = `Main.ptb'.

\openout4 = `Main.ptb'.

\openout4 = `Main.ptb'.

 [9]
\openout4 = `Main.ptb'.

\openout4 = `Main.ptb'.

\openout4 = `Main.ptb'.

\openout4 = `Main.ptb'.

 [10]
\openout4 = `Main.ptb'.

\openout4 = `Main.ptb'.

\openout4 = `Main.ptb'.

\openout4 = `Main.ptb'.

\openout4 = `Main.ptb'.

\openout4 = `Main.ptb'.

 [11]
\openout4 = `Main.ptb'.

\openout4 = `Main.ptb'.

\openout4 = `Main.ptb'.

 [12]
\openout4 = `Main.ptb'.

\openout4 = `Main.ptb'.

\openout4 = `Main.ptb'.

\openout4 = `Main.ptb'.

 [13]
\openout4 = `Main.ptb'.

\openout4 = `Main.ptb'.

\openout4 = `Main.ptb'.

 [14]
\openout4 = `Main.ptb'.

\openout4 = `Main.ptb'.

\openout4 = `Main.ptb'.

 [15]
\openout4 = `Main.ptb'.

 [16]
\openout4 = `Main.ptb'.

\openout4 = `Main.ptb'.

\openout4 = `Main.ptb'.

\openout4 = `Main.ptb'.

 [17]
\openout4 = `Main.ptb'.

\openout4 = `Main.ptb'.

\openout4 = `Main.ptb'.


Underfull \hbox (badness 10000) in paragraph at lines 1403--1404
 \OT1/ppl/b/n/10.95 Fix-ing[] []
 []

\openout4 = `Main.ptb'.

\openout4 = `Main.ptb'.

[18]
Underfull \hbox (badness 10000) in paragraph at lines 1438--1439
 \OT1/ppl/b/n/10.95 In-put-Params[] []
 []

\openout4 = `Main.ptb'.

\openout4 = `Main.ptb'.

\openout4 = `Main.ptb'.

\openout4 = `Main.ptb'.

\openout4 = `Main.ptb'.

[19]
\openout4 = `Main.ptb'.

\openout4 = `Main.ptb'.

\openout4 = `Main.ptb'.

 [20]
\openout4 = `Main.ptb'.

\openout4 = `Main.ptb'.

\openout4 = `Main.ptb'.

 [21]
\openout4 = `Main.ptb'.

\openout4 = `Main.ptb'.

\openout4 = `Main.ptb'.

 [22]
\openout4 = `Main.ptb'.

\openout4 = `Main.ptb'.

 [23]
\openout4 = `Main.ptb'.

\openout4 = `Main.ptb'.

\openout4 = `Main.ptb'.

\openout4 = `Main.ptb'.

 [24]
\openout4 = `Main.ptb'.

\openout4 = `Main.ptb'.

\openout4 = `Main.ptb'.

 [25] (./Main.aux) ) 
Here is how much of TeX's memory you used:
 4848 strings out of 94500
 63342 string characters out of 1176114
 129684 words of memory out of 1500000
 7837 multiletter control sequences out of 10000+50000
 40911 words of font info for 121 fonts, out of 1200000 for 2000
 580 hyphenation exceptions out of 8191
 35i,18n,39p,537b,537s stack positions out of 5000i,500n,6000p,200000b,5000s
PDF statistics:
 303 PDF objects out of 65536
 64 named destinations out of 20000
 265 words of extra memory for PDF output out of 65536
</sw/share/texmf-dist/fonts/type1/bluesky/cm/cmssbx10.pfb><
/sw/share/texmf-dist/fonts/type1/bluesky/cm/cmtt10.pfb></sw/share/texmf-dist/fo
nts/type1/bluesky/cm/cmmi10.pfb></sw/share/texmf-dist/fonts/type1/public/mathpa
zo/fplmbb.pfb></sw/share/texmf-dist/fonts/type1/bluesky/cm/cmsy10.pfb></sw/shar
e/texmf-dist/fonts/type1/public/mathpazo/fplmri.pfb></sw/share/texmf-dist/fonts
/type1/bluesky/cm/cmr10.pfb>{/sw/share/texmf-dist/fonts/enc/dvips/psnfss/8r.enc
}</sw/share/texmf-dist/fonts/type1/urw/palatino/uplri8a.pfb></sw/share/texmf-di
st/fonts/type1/urw/palatino/uplr8a.pfb></sw/share/texmf-dist/fonts/type1/urw/pa
latino/uplb8a.pfb>
Output written on Main.pdf (25 pages, 187623 bytes).
